Removed Pin From Net: NetName=+24V_1 Pin=C72-1
Removed Pin From Net: NetName=GND_-24V_1 Pin=C72-2
Removed Pin From Net: NetName=+24V_1 Pin=C74-1
Removed Pin From Net: NetName=GND_-24V_1 Pin=C74-2
Removed Pin From Net: NetName=+24V_2 Pin=C85-1
Removed Pin From Net: NetName=GND_-24V_2 Pin=C85-2
Removed Pin From Net: NetName=+24V_2 Pin=C87-1
Removed Pin From Net: NetName=GND_-24V_2 Pin=C87-2
Removed Pin From Net: NetName=+24V_1 Pin=C104-1
Removed Pin From Net: NetName=GND_-24V_1 Pin=C104-2
Removed Pin From Net: NetName=+24V_1 Pin=C106-1
Removed Pin From Net: NetName=GND_-24V_1 Pin=C106-2
Removed Pin From Net: NetName=+24V_2 Pin=C121-1
Removed Pin From Net: NetName=GND_-24V_2 Pin=C121-2
Removed Pin From Net: NetName=+24V_2 Pin=C126-1
Removed Pin From Net: NetName=GND_-24V_2 Pin=C126-2
Removed Pin From Net: NetName=+24V_1 Pin=C136-1
Removed Pin From Net: NetName=GND_-24V_1 Pin=C136-2
Removed Pin From Net: NetName=+24V_1 Pin=C138-1
Removed Pin From Net: NetName=GND_-24V_1 Pin=C138-2
Removed Pin From Net: NetName=+24V_2 Pin=C159-1
Removed Pin From Net: NetName=GND_-24V_2 Pin=C159-2
Removed Pin From Net: NetName=+24V_2 Pin=C161-1
Removed Pin From Net: NetName=GND_-24V_2 Pin=C161-2
Removed Pin From Net: NetName=+24V_1 Pin=C170-1
Removed Pin From Net: NetName=GND_-24V_1 Pin=C170-2
Removed Pin From Net: NetName=+24V_1 Pin=C172-1
Removed Pin From Net: NetName=GND_-24V_1 Pin=C172-2
Removed Pin From Net: NetName=+24V_2 Pin=C190-1
Removed Pin From Net: NetName=GND_-24V_2 Pin=C190-2
Removed Pin From Net: NetName=+24V_2 Pin=C192-1
Removed Pin From Net: NetName=GND_-24V_2 Pin=C192-2
Removed Member From Class: ClassName=Driver Member=C72
Removed Member From Class: ClassName=Driver Member=C74
Removed Member From Class: ClassName=Driver Member=C85
Removed Member From Class: ClassName=Driver Member=C87
Removed Member From Class: ClassName=Driver Member=C104
Removed Member From Class: ClassName=Driver Member=C106
Removed Member From Class: ClassName=Driver Member=C121
Removed Member From Class: ClassName=Driver Member=C126
Removed Member From Class: ClassName=Driver Member=C136
Removed Member From Class: ClassName=Driver Member=C138
Removed Member From Class: ClassName=Driver Member=C159
Removed Member From Class: ClassName=Driver Member=C161
Removed Member From Class: ClassName=Driver Member=C170
Removed Member From Class: ClassName=Driver Member=C172
Removed Member From Class: ClassName=Driver Member=C190
Removed Member From Class: ClassName=Driver Member=C192
Added Component: Designator=C?(CAP_SMD_Size_E)
Added Component: Designator=C?(CAP_SMD_Size_E)
Added Component: Designator=C?(CAP_SMD_Size_E)
Added Component: Designator=C?(CAP_SMD_Size_E)
Added Component: Designator=C?(CAP_SMD_Size_E)
Added Component: Designator=C?(CAP_SMD_Size_E)
Added Component: Designator=C?(CAP_SMD_Size_E)
Added Component: Designator=C?(CAP_SMD_Size_E)
Added Component: Designator=C?(CAP_SMD_Size_E)
Added Component: Designator=C?(CAP_SMD_Size_E)
Added Component: Designator=C?(CAP_SMD_Size_E)
Added Component: Designator=C?(CAP_SMD_Size_E)
Added Component: Designator=C?(CAP_SMD_Size_E)
Added Component: Designator=C?(CAP_SMD_Size_E)
Added Component: Designator=C?(CAP_SMD_Size_E)
Added Component: Designator=C?(CAP_SMD_Size_E)
Added Pin To Net: NetName=+24V_1 Pin=C?-1
Added Pin To Net: NetName=+24V_1 Pin=C?-1
Added Pin To Net: NetName=+24V_1 Pin=C?-1
Added Pin To Net: NetName=+24V_1 Pin=C?-1
Added Pin To Net: NetName=+24V_1 Pin=C?-1
Added Pin To Net: NetName=+24V_1 Pin=C?-1
Added Pin To Net: NetName=+24V_1 Pin=C?-1
Added Pin To Net: NetName=+24V_1 Pin=C?-1
Added Pin To Net: NetName=+24V_2 Pin=C?-1
Added Pin To Net: NetName=+24V_2 Pin=C?-1
Added Pin To Net: NetName=+24V_2 Pin=C?-1
Added Pin To Net: NetName=+24V_2 Pin=C?-1
Added Pin To Net: NetName=+24V_2 Pin=C?-1
Added Pin To Net: NetName=+24V_2 Pin=C?-1
Added Pin To Net: NetName=+24V_2 Pin=C?-1
Added Pin To Net: NetName=+24V_2 Pin=C?-1
Added Pin To Net: NetName=GND_-24V_1 Pin=C?-2
Added Pin To Net: NetName=GND_-24V_1 Pin=C?-2
Added Pin To Net: NetName=GND_-24V_1 Pin=C?-2
Added Pin To Net: NetName=GND_-24V_1 Pin=C?-2
Added Pin To Net: NetName=GND_-24V_1 Pin=C?-2
Added Pin To Net: NetName=GND_-24V_1 Pin=C?-2
Added Pin To Net: NetName=GND_-24V_1 Pin=C?-2
Added Pin To Net: NetName=GND_-24V_1 Pin=C?-2
Added Pin To Net: NetName=GND_-24V_2 Pin=C?-2
Added Pin To Net: NetName=GND_-24V_2 Pin=C?-2
Added Pin To Net: NetName=GND_-24V_2 Pin=C?-2
Added Pin To Net: NetName=GND_-24V_2 Pin=C?-2
Added Pin To Net: NetName=GND_-24V_2 Pin=C?-2
Added Pin To Net: NetName=GND_-24V_2 Pin=C?-2
Added Pin To Net: NetName=GND_-24V_2 Pin=C?-2
Added Pin To Net: NetName=GND_-24V_2 Pin=C?-2
Added Member To Class: ClassName=Driver Member=Component C? 100uF_50V
Added Member To Class: ClassName=Driver Member=Component C? 100uF_50V
Added Member To Class: ClassName=Driver Member=Component C? 100uF_50V
Added Member To Class: ClassName=Driver Member=Component C? 100uF_50V
Added Member To Class: ClassName=Driver Member=Component C? 100uF_50V
Added Member To Class: ClassName=Driver Member=Component C? 100uF_50V
Added Member To Class: ClassName=Driver Member=Component C? 100uF_50V
Added Member To Class: ClassName=Driver Member=Component C? 100uF_50V
Added Member To Class: ClassName=Driver Member=Component C? 100uF_50V
Added Member To Class: ClassName=Driver Member=Component C? 100uF_50V
Added Member To Class: ClassName=Driver Member=Component C? 100uF_50V
Added Member To Class: ClassName=Driver Member=Component C? 100uF_50V
Added Member To Class: ClassName=Driver Member=Component C? 100uF_50V
Added Member To Class: ClassName=Driver Member=Component C? 100uF_50V
Added Member To Class: ClassName=Driver Member=Component C? 100uF_50V
Added Member To Class: ClassName=Driver Member=Component C? 100uF_50V
