Change Component Footprint: Designator=Q1 Old Footprint=INF-SOT23_N New Footprint=INF-SOT23_N
Change Component Footprint: Designator=Q2 Old Footprint=INF-SOT23_N New Footprint=INF-SOT23_N
Change Component Footprint: Designator=Q3 Old Footprint=INF-SOT23_N New Footprint=INF-SOT23_N
Change Component Footprint: Designator=Q4 Old Footprint=INF-SOT23_N New Footprint=INF-SOT23_N
Change Component Footprint: Designator=L3 Old Footprint=WE-PD2_1054 New Footprint=WE-PD2_1054
Change Component Footprint: Designator=L5 Old Footprint=WE-PD2_1054 New Footprint=WE-PD2_1054
Change Component Footprint: Designator=L7 Old Footprint=WE-PD2_1054 New Footprint=WE-PD2_1054
Change Component Footprint: Designator=L9 Old Footprint=WE-PD2_1054 New Footprint=WE-PD2_1054
Added Component: Designator=C34(CAP_SMD_Size_G)
Added Component: Designator=C36(CAP_SMD_Size_G)
Added Component: Designator=C38(CAP_SMD_Size_E)
Added Component: Designator=C40(CAP_SMD_Size_E)
Add Component: Footprint Not Found SIZE_EEE
Add Component: Footprint Not Found SIZE_EEE
Add Component: Footprint Not Found SIZE_EEE
Add Component: Footprint Not Found SIZE_EEE
Add Component: Footprint Not Found SIZE_EEE
Added Pin To Net: NetName=+5V_RS Pin=C34-1
Added Pin To Net: NetName=GND Pin=C34-2
Added Pin To Net: NetName=+5 Pin=C36-1
Added Pin To Net: NetName=GND Pin=C36-2
Added Pin To Net: NetName=NetC38_1 Pin=C38-1
Added Pin To Net: NetName=GND Pin=C38-2
Added Pin To Net: NetName=+3V3_MCU Pin=C40-1
Added Pin To Net: NetName=GND Pin=C40-2
Add Pin To Net: Unknown Pin: Pin C50-1
Add Pin To Net: Unknown Pin: Pin C50-2
Add Pin To Net: Unknown Pin: Pin C51-1
Add Pin To Net: Unknown Pin: Pin C51-2
Add Pin To Net: Unknown Pin: Pin C55-1
Add Pin To Net: Unknown Pin: Pin C55-2
Add Pin To Net: Unknown Pin: Pin C58-1
Add Pin To Net: Unknown Pin: Pin C58-2
Add Pin To Net: Unknown Pin: Pin C61-1
Add Pin To Net: Unknown Pin: Pin C61-2
Added Member To Class: ClassName=Driver Member=Component C34 1000uF_10V
Added Member To Class: ClassName=Driver Member=Component C36 1000uF_10V
Added Member To Class: ClassName=Driver Member=Component C38 1000uF_6.3V
Added Member To Class: ClassName=Driver Member=Component C40 1000uF_6.3V
Add Class Member: Failed to add class member : Component C50 CAP-POLAR
Add Class Member: Failed to add class member : Component C51 CAP-POLAR
Add Class Member: Failed to add class member : Component C55 CAP-POLAR
Add Class Member: Failed to add class member : Component C58 CAP-POLAR
Add Class Member: Failed to add class member : Component C61 CAP-POLAR
