Change Component Designator: Old Designator=C105 New Designator=C104
Change Component Designator: Old Designator=C122 New Designator=C121
Change Component Designator: Old Designator=C123 New Designator=C122
Change Component Designator: Old Designator=C124 New Designator=C123
Change Component Designator: Old Designator=C125 New Designator=C124
Change Component Designator: Old Designator=C127 New Designator=C125
Change Component Designator: Old Designator=C128 New Designator=C126
Change Component Designator: Old Designator=C129 New Designator=C127
Change Component Designator: Old Designator=C130 New Designator=C128
Change Component Designator: Old Designator=C139 New Designator=C138
Change Component Designator: Old Designator=C? New Designator=C72
Change Component Designator: Old Designator=C? New Designator=C74
Change Component Designator: Old Designator=C? New Designator=C85
Change Component Designator: Old Designator=C? New Designator=C87
Change Component Designator: Old Designator=C? New Designator=C105
Change Component Designator: Old Designator=C? New Designator=C106
Change Component Designator: Old Designator=C? New Designator=C129
Change Component Designator: Old Designator=C? New Designator=C130
Change Component Designator: Old Designator=C? New Designator=C136
Change Component Designator: Old Designator=C? New Designator=C139
Change Component Designator: Old Designator=C? New Designator=C159
Change Component Designator: Old Designator=C? New Designator=C161
Change Component Designator: Old Designator=C? New Designator=C170
Change Component Designator: Old Designator=C? New Designator=C172
Change Component Designator: Old Designator=C? New Designator=C190
Change Component Designator: Old Designator=C? New Designator=C192
Change Component Designator: Old Designator=R11 New Designator=R15
Change Component Designator: Old Designator=R12 New Designator=R11
Change Component Designator: Old Designator=R13 New Designator=R14
Change Component Designator: Old Designator=R14 New Designator=R16
Change Component Designator: Old Designator=R15 New Designator=R12
Change Component Designator: Old Designator=R16 New Designator=R13
Change Component Designator: Old Designator=R? New Designator=R40
Change Component Designator: Old Designator=U23 New Designator=U24
Change Component Designator: Old Designator=U24 New Designator=U23
Change Component Designator: Old Designator=U28 New Designator=U29
Change Component Designator: Old Designator=U29 New Designator=U28
