Change Component Designator: Old Designator=C2 New Designator=C7
Change Component Designator: Old Designator=C3 New Designator=C2
Change Component Designator: Old Designator=C4 New Designator=C10
Change Component Designator: Old Designator=C5 New Designator=C4
Change Component Designator: Old Designator=C6 New Designator=C11
Change Component Designator: Old Designator=C7 New Designator=C9
Change Component Designator: Old Designator=C8 New Designator=C12
Change Component Designator: Old Designator=C9 New Designator=C13
Change Component Designator: Old Designator=C10 New Designator=C14
Change Component Designator: Old Designator=C11 New Designator=C15
Change Component Designator: Old Designator=C12 New Designator=C16
Change Component Designator: Old Designator=C13 New Designator=C17
Change Component Designator: Old Designator=C14 New Designator=C18
Change Component Designator: Old Designator=C15 New Designator=C19
Change Component Designator: Old Designator=C16 New Designator=C20
Change Component Designator: Old Designator=C17 New Designator=C21
Change Component Designator: Old Designator=C18 New Designator=C22
Change Component Designator: Old Designator=C19 New Designator=C23
Change Component Designator: Old Designator=C20 New Designator=C24
Change Component Designator: Old Designator=C21 New Designator=C25
Change Component Designator: Old Designator=C22 New Designator=C26
Change Component Designator: Old Designator=C23 New Designator=C3
Change Component Designator: Old Designator=C24 New Designator=C6
Change Component Designator: Old Designator=C25 New Designator=C5
Change Component Designator: Old Designator=C26 New Designator=C8
Change Component Designator: Old Designator=D11 New Designator=D12
Change Component Designator: Old Designator=D12 New Designator=D13
Change Component Designator: Old Designator=D13 New Designator=D11
Change Component Designator: Old Designator=L1 New Designator=L5
Change Component Designator: Old Designator=L2 New Designator=L1
Change Component Designator: Old Designator=L3 New Designator=L2
Change Component Designator: Old Designator=L4 New Designator=L3
Change Component Designator: Old Designator=L5 New Designator=L4
Change Component Designator: Old Designator=R9 New Designator=R10
Change Component Designator: Old Designator=R10 New Designator=R11
Change Component Designator: Old Designator=R11 New Designator=R12
Change Component Designator: Old Designator=R12 New Designator=R13
Change Component Designator: Old Designator=R13 New Designator=R14
Change Component Designator: Old Designator=R14 New Designator=R15
Change Component Designator: Old Designator=R15 New Designator=R16
Change Component Designator: Old Designator=R16 New Designator=R17
Change Component Designator: Old Designator=R17 New Designator=R18
Change Component Designator: Old Designator=R18 New Designator=R19
Change Component Designator: Old Designator=R19 New Designator=R20
Change Component Designator: Old Designator=R20 New Designator=R21
Change Component Designator: Old Designator=R21 New Designator=R22
Change Component Designator: Old Designator=R22 New Designator=R23
Change Component Designator: Old Designator=R23 New Designator=R24
Change Component Designator: Old Designator=R24 New Designator=R9
Change Component Designator: Old Designator=VD1 New Designator=VD3
Change Component Designator: Old Designator=VD2 New Designator=VD1
Change Component Designator: Old Designator=VD3 New Designator=VD2
