Change Component Designator: Old Designator=C? New Designator=C3
Change Component Designator: Old Designator=C? New Designator=C24
Change Component Designator: Old Designator=C? New Designator=C30
Change Component Designator: Old Designator=C? New Designator=C40
Change Component Designator: Old Designator=C? New Designator=C41
Change Component Designator: Old Designator=C? New Designator=C42
Change Component Designator: Old Designator=C? New Designator=C43
Change Component Designator: Old Designator=D? New Designator=D12
Change Component Designator: Old Designator=D? New Designator=D13
Change Component Designator: Old Designator=D? New Designator=D14
Change Component Designator: Old Designator=D? New Designator=D15
Change Component Designator: Old Designator=J? New Designator=J4
Change Component Designator: Old Designator=K? New Designator=K2
Change Component Designator: Old Designator=L? New Designator=L5
Change Component Designator: Old Designator=R? New Designator=R1
Change Component Designator: Old Designator=RG? New Designator=RG1
Change Component Designator: Old Designator=T? New Designator=T1
Change Component Designator: Old Designator=TP? New Designator=TP12
Change Component Designator: Old Designator=TP? New Designator=TP39
Change Component Designator: Old Designator=TP? New Designator=TP44
Change Component Designator: Old Designator=TP? New Designator=TP45
Change Component Designator: Old Designator=VD? New Designator=VD2
