Change Component Designator: OldDesignator=C? NewDesignator=C3
Change Component Designator: OldDesignator=C? NewDesignator=C24
Change Component Designator: OldDesignator=C? NewDesignator=C30
Change Component Designator: OldDesignator=C? NewDesignator=C40
Change Component Designator: OldDesignator=C? NewDesignator=C41
Change Component Designator: OldDesignator=C? NewDesignator=C42
Change Component Designator: OldDesignator=C? NewDesignator=C43
Change Component Designator: OldDesignator=D? NewDesignator=D12
Change Component Designator: OldDesignator=D? NewDesignator=D13
Change Component Designator: OldDesignator=D? NewDesignator=D14
Change Component Designator: OldDesignator=D? NewDesignator=D15
Change Component Designator: OldDesignator=L? NewDesignator=L5
Change Component Designator: OldDesignator=R? NewDesignator=R1
Change Component Designator: OldDesignator=T? NewDesignator=T1
Change Component Designator: OldDesignator=VD? NewDesignator=VD2
Add Component: Footprint Not Found 691101710002
Add Component: Footprint Not Found Relay_F1CA005V_Omron
Add Component: Footprint Not Found TO-220_Bended_Rad
Add Component: Footprint Not Found Test_Point
Add Component: Footprint Not Found Test_Point
Add Component: Footprint Not Found Test_Point
Add Component: Footprint Not Found Test_Point
Add Pin To Net: Unknown Pin: Pin J4-2
Add Pin To Net: Unknown Pin: Pin K2-1
Add Pin To Net: Unknown Pin: Pin RG1-2
Add Pin To Net: Unknown Pin: Pin TP39-1
Change Net Name : Old Net Name=NetC?_1 New Net Name=NetC3_2
Change Net Name : Old Net Name=NetD?_1 New Net Name=NetD12_1
Change Net Name : Old Net Name=NetD?_2 New Net Name=NetD13_2
Added Pin To Net: NetName=NetC3_1 Pin=C3-1
Added Pin To Net: NetName=NetC3_1 Pin=C24-1
Added Pin To Net: NetName=NetC3_1 Pin=D13-1
Added Pin To Net: NetName=NetC3_1 Pin=D15-1
Added Net: Name=NetC3_1
Added Pin To Net: NetName=NetC30_2 Pin=C30-2
Added Pin To Net: NetName=NetC30_2 Pin=VD2-1
Added Net: Name=NetC30_2
Added Pin To Net: NetName=NetC40_1 Pin=C40-1
Added Pin To Net: NetName=NetC40_1 Pin=C41-2
Added Pin To Net: NetName=NetC40_1 Pin=L5-1
Added Pin To Net: NetName=NetC40_1 Pin=U1-12
Added Net: Name=NetC40_1
