Removed Pin From Net: NetName=GND Pin=C3-1
Removed Pin From Net: NetName=GND Pin=C23-1
Removed Pin From Net: NetName=NetC24_1 Pin=C24-1
Removed Pin From Net: NetName=GND_1 Pin=C24-2
Removed Pin From Net: NetName=GND_1 Pin=C30-1
Removed Pin From Net: NetName=GND_1 Pin=J4-2
Removed Pin From Net: NetName=GND_1 Pin=K1-1
Removed Pin From Net: NetName=GND Pin=R1-1
Removed Pin From Net: NetName=GND Pin=R22-1
Removed Pin From Net: NetName=+20V Pin=RG1-1
Removed Pin From Net: NetName=GND_1 Pin=RG1-2
Removed Pin From Net: NetName=GND_1 Pin=RG1-2
Removed Pin From Net: NetName=NetC22_1 Pin=T1-1
Removed Pin From Net: NetName=NetC22_1 Pin=T1-1
Removed Pin From Net: NetName=NetC17_1 Pin=T1-3
Removed Pin From Net: NetName=NetC17_1 Pin=T1-3
Removed Pin From Net: NetName=NetD6_2 Pin=T1-5
Removed Pin From Net: NetName=NetD6_2 Pin=T1-5
Removed Pin From Net: NetName=NetD9_2 Pin=T1-7
Removed Pin From Net: NetName=NetD9_2 Pin=T1-7
Removed Pin From Net: NetName=NetD5_3 Pin=T1-8
Removed Pin From Net: NetName=NetD5_3 Pin=T1-8
Removed Pin From Net: NetName=NetL2_1 Pin=T1-9
Removed Pin From Net: NetName=NetL2_1 Pin=T1-9
Removed Pin From Net: NetName=NetD5_1 Pin=T1-10
Removed Pin From Net: NetName=NetD5_1 Pin=T1-10
Removed Pin From Net: NetName=NetD11_3 Pin=T1-12
Removed Pin From Net: NetName=NetD11_3 Pin=T1-12
Removed Pin From Net: NetName=NetL4_1 Pin=T1-13
Removed Pin From Net: NetName=NetL4_1 Pin=T1-13
Removed Pin From Net: NetName=NetD11_1 Pin=T1-14
Removed Pin From Net: NetName=NetD11_1 Pin=T1-14
Removed Pin From Net: NetName=NetC8_1 Pin=U1-12
Removed Pin From Net: NetName=GND_1 Pin=VD14-2
Removed Pin From Net: NetName=GND Pin=VT2-3
Change Component Footprint: Designator=C27 Old Footprint=CAPPOL-12x25 New Footprint=CAPPOL-18x40
Added Component: Designator=C?(SIZE_EEE)
Added Component: Designator=C?(CAP-0805)
Added Component: Designator=C?(CAP-0805)
Added Component: Designator=C?(CAP-0805)
Added Component: Designator=C?(CAPPOL-12x25)
Added Component: Designator=C?(CAP_50V_2200uF)
Added Component: Designator=C?(FP-SF-MFG)
Add component (AddParameter): Name = "Automotive"; Value = "Yes"; VariantName = "[No Variations]"
Add component (AddParameter): Name = "Automotive Grade"; Value = "Grade 3"; VariantName = "[No Variations]"
Add component (AddParameter): Name = "Capacitance"; Value = "100uF"; VariantName = "[No Variations]"
Add component (AddParameter): Name = "Category"; Value = "Cap"; VariantName = "[No Variations]"
Add component (AddParameter): Name = "ComponentLink2Description"; Value = "Datasheet"; VariantName = "[No Variations]"
Add component (AddParameter): Name = "ComponentLink2URL"; Value = "https://industrial.panasonic.com/cdbs/www-data/pdf/RDE0000/ABA0000C1145.pdf"; VariantName = "[No Variations]"
Add component (AddParameter): Name = "Device Class L1"; Value = "Passive Components"; VariantName = "[No Variations]"
Add component (AddParameter): Name = "Device Class L2"; Value = "Capacitors"; VariantName = "[No Variations]"
Add component (AddParameter): Name = "Device Class L3"; Value = "Aluminum Electrolytic Capacitors"; VariantName = "[No Variations]"
Add component (AddParameter): Name = "Digikey Description"; Value = "CAP ALUM 100UF 20% 50V SMD"; VariantName = "[No Variations]"
Add component (AddParameter): Name = "Dissipation Factor"; Value = "0.12%"; VariantName = "[No Variations]"
Add component (AddParameter): Name = "Height"; Value = "10.5mm"; VariantName = "[No Variations]"
Add component (AddParameter): Name = "Lead Free"; Value = "Yes"; VariantName = "[No Variations]"
Add component (AddParameter): Name = "Leakage Current"; Value = "100uA"; VariantName = "[No Variations]"
Add component (AddParameter): Name = "Life"; Value = "2000Hours"; VariantName = "[No Variations]"
Add component (AddParameter): Name = "Manufacturer"; Value = "Panasonic"; VariantName = "[No Variations]"
Add component (AddParameter): Name = "Manufacturer Part Number"; Value = "EEE-1HA101UP"; VariantName = "[No Variations]"
Add component (AddParameter): Name = "Material"; Value = "Aluminum"; VariantName = "[No Variations]"
Add component (AddParameter): Name = "Mouser Description"; Value = "Cap Aluminum Lytic 100uF 50V 20% (8 X 10.2mm) SMD 200mA 2000h 85C Automotive T/R"; VariantName = "[No Variations]"
Add component (AddParameter): Name = "Octopart"; Value = "https://octopart.com/eee-1ha101up-panasonic-55396734"; VariantName = "[No Variations]"
Add component (AddParameter): Name = "Package"; Value = "SF"; VariantName = "[No Variations]"
Add component (AddParameter): Name = "Ripple Current"; Value = "200mA"; VariantName = "[No Variations]"
Add component (AddParameter): Name = "RoHS"; Value = "TRUE"; VariantName = "[No Variations]"
Add component (AddParameter): Name = "Temperature"; Value = "-40°C to +85°C"; VariantName = "[No Variations]"
Add component (AddParameter): Name = "Temperature Range High"; Value = "+85°C"; VariantName = "[No Variations]"
Add component (AddParameter): Name = "Temperature Range Low"; Value = "-40°C"; VariantName = "[No Variations]"
Add component (AddParameter): Name = "Tolerance"; Value = "20%"; VariantName = "[No Variations]"
Add component (AddParameter): Name = "Value"; Value = "100uF"; VariantName = "[No Variations]"
Add component (AddParameter): Name = "Voltage"; Value = "50V"; VariantName = "[No Variations]"
Add component (AddParameter): Name = "Voltage Rating"; Value = "50V"; VariantName = "[No Variations]"
Added Component: Designator=D?(DO-214AA)
Added Component: Designator=D?(DO-214AA)
Added Component: Designator=D?(DO-214AA)
Added Component: Designator=D?(DO-214AA)
Add Component: Footprint Not Found 691101710002
Add Component: Footprint Not Found Relay_F1CA005V_Omron
Added Component: Designator=L?(WE-PD2_7850)
Add component (AddParameter): Name = "Case/Size Code"; Value = "7850"; VariantName = "[No Variations]"
Add component (AddParameter): Name = "Category"; Value = "Unshielded Power Inductors"; VariantName = "[No Variations]"
Add component (AddParameter): Name = "ComponentLink1Description"; Value = "Website Link"; VariantName = "[No Variations]"
Add component (AddParameter): Name = "ComponentLink1URL"; Value = "https://www.we-online.com/redexpert/article/744775147?ad"; VariantName = "[No Variations]"
Add component (AddParameter): Name = "ComponentLink2Description"; Value = "Datasheet Link"; VariantName = "[No Variations]"
Add component (AddParameter): Name = "ComponentLink2URL"; Value = "https://www.we-online.com/redexpert/spec/744775147?ad"; VariantName = "[No Variations]"
Add component (AddParameter): Name = "DC Resistance"; Value = "0.134?"; VariantName = "[No Variations]"
Add component (AddParameter): Name = "DC Resistance Max"; Value = "0.18?"; VariantName = "[No Variations]"
Add component (AddParameter): Name = "Height"; Value = "4.95mm"; VariantName = "[No Variations]"
Add component (AddParameter): Name = "Inductance"; Value = "47µH"; VariantName = "[No Variations]"
Add component (AddParameter): Name = "Length"; Value = "7.8mm"; VariantName = "[No Variations]"
Add component (AddParameter): Name = "Manufacturer"; Value = "Wurth Elektronik"; VariantName = "[No Variations]"
Add component (AddParameter): Name = "Manufacturer Part Number"; Value = "744775147"; VariantName = "[No Variations]"
Add component (AddParameter): Name = "Match Code"; Value = "WE-PD2"; VariantName = "[No Variations]"
Add component (AddParameter): Name = "Mount"; Value = "Surface Mount"; VariantName = "[No Variations]"
Add component (AddParameter): Name = "Operating Temperature Max"; Value = "125°C"; VariantName = "[No Variations]"
Add component (AddParameter): Name = "Operating Temperature Min"; Value = "-40°C"; VariantName = "[No Variations]"
Add component (AddParameter): Name = "Packaging"; Value = "Tape and Reel"; VariantName = "[No Variations]"
Add component (AddParameter): Name = "Rated Current"; Value = "1.17A"; VariantName = "[No Variations]"
Add component (AddParameter): Name = "Saturation Current"; Value = "1.24A"; VariantName = "[No Variations]"
Add component (AddParameter): Name = "Self Resonant Frequency"; Value = "12MHz"; VariantName = "[No Variations]"
Add component (AddParameter): Name = "Width"; Value = "7mm"; VariantName = "[No Variations]"
Added Component: Designator=R?(RES-2W)
Add Component: Footprint Not Found TO-220_Bended_Rad
Added Component: Designator=T?(Transformer_ETD34)
Add Component: Footprint Not Found Test_Point
Add Component: Footprint Not Found Test_Point
Added Component: Designator=VD?(DIOD-SOD123-2_V)
Add component (AddParameter): Name = "Brand"; Value = "DiodesIncorporated"; VariantName = "[No Variations]"
Add component (AddParameter): Name = "Configuration"; Value = "Single"; VariantName = "[No Variations]"
Add component (AddParameter): Name = "Datasheet URL"; Value = "http://www.farnell.com/datasheets/1915529.pdf"; VariantName = "[No Variations]"
Add component (AddParameter): Name = "Datasheet Version"; Value = "Rev. 24-2, 10/2013"; VariantName = "[No Variations]"
Add component (AddParameter): Name = "Factory Pack Quantity"; Value = "3000"; VariantName = "[No Variations]"
Add component (AddParameter): Name = "Height"; Value = "1.25mm"; VariantName = "[No Variations]"
Add component (AddParameter): Name = "If - Forward Current"; Value = "0.15A"; VariantName = "[No Variations]"
Add component (AddParameter): Name = "Ir - Reverse Current"; Value = "1uA"; VariantName = "[No Variations]"
Add component (AddParameter): Name = "Length"; Value = "2.85mm"; VariantName = "[No Variations]"
Add component (AddParameter): Name = "Manufacturer"; Value = "DiodesIncorporated"; VariantName = "[No Variations]"
Add component (AddParameter): Name = "Manufacturer URL"; Value = "http://www.diodes.com/"; VariantName = "[No Variations]"
Add component (AddParameter): Name = "Max Surge Current"; Value = "2A"; VariantName = "[No Variations]"
Add component (AddParameter): Name = "Maximum Operating Temperature"; Value = "+150C"; VariantName = "[No Variations]"
Add component (AddParameter): Name = "Minimum Operating Temperature"; Value = "-65C"; VariantName = "[No Variations]"
Add component (AddParameter): Name = "Mounting Style"; Value = "SMD/SMT"; VariantName = "[No Variations]"
Add component (AddParameter): Name = "Operating Temperature Range"; Value = "-65Cto+150C"; VariantName = "[No Variations]"
Add component (AddParameter): Name = "Package / Case"; Value = "SOD-123"; VariantName = "[No Variations]"
Add component (AddParameter): Name = "Package Reference"; Value = "SOD123-2"; VariantName = "[No Variations]"
Add component (AddParameter): Name = "Package URL"; Value = "http://www.diodes.com/datasheets/ds18004.pdf"; VariantName = "[No Variations]"
Add component (AddParameter): Name = "Packaging"; Value = "Reel"; VariantName = "[No Variations]"
Add component (AddParameter): Name = "Peak Reverse Voltage"; Value = "100V"; VariantName = "[No Variations]"
Add component (AddParameter): Name = "Product"; Value = "SwitchingDiodes"; VariantName = "[No Variations]"
Add component (AddParameter): Name = "Product Category"; Value = "Diodes-GeneralPurpose,Power,Switching"; VariantName = "[No Variations]"
Add component (AddParameter): Name = "Recovery Time"; Value = "4ns"; VariantName = "[No Variations]"
Add component (AddParameter): Name = "RoHS"; Value = "True"; VariantName = "[No Variations]"
Add component (AddParameter): Name = "Series"; Value = "1N4148"; VariantName = "[No Variations]"
Add component (AddParameter): Name = "Type"; Value = "SwitchingDiode"; VariantName = "[No Variations]"
Add component (AddParameter): Name = "Unit Weight"; Value = "0.000353oz"; VariantName = "[No Variations]"
Add component (AddParameter): Name = "Vf - Forward Voltage"; Value = "1.25V"; VariantName = "[No Variations]"
Add component (AddParameter): Name = "Width"; Value = "1.7mm"; VariantName = "[No Variations]"
Added Pin To Net: NetName=GND Pin=C?-1
Added Pin To Net: NetName=GND Pin=C?-1
Added Pin To Net: NetName=NetC24_1 Pin=C?-1
Added Pin To Net: NetName=GND_1 Pin=C?-2
Added Pin To Net: NetName=GND Pin=C?-2
Added Pin To Net: NetName=GND Pin=D1-1
Added Pin To Net: NetName=NetC8_1 Pin=L?-2
Added Pin To Net: NetName=GND Pin=R?-1
Added Pin To Net: NetName=NetC22_1 Pin=T?-1
Added Pin To Net: NetName=NetC22_1 Pin=T?-1
Added Pin To Net: NetName=NetC17_1 Pin=T?-3
Added Pin To Net: NetName=NetC17_1 Pin=T?-3
Added Pin To Net: NetName=NetD6_2 Pin=T?-4
Added Pin To Net: NetName=NetD6_2 Pin=T?-4
Added Pin To Net: NetName=NetD9_2 Pin=T?-5
Added Pin To Net: NetName=NetD9_2 Pin=T?-5
Added Pin To Net: NetName=NetD5_3 Pin=T?-8
Added Pin To Net: NetName=NetD5_3 Pin=T?-8
Added Pin To Net: NetName=NetL2_1 Pin=T?-9
Added Pin To Net: NetName=NetL2_1 Pin=T?-9
Added Pin To Net: NetName=NetD5_1 Pin=T?-10
Added Pin To Net: NetName=NetD5_1 Pin=T?-10
Added Pin To Net: NetName=NetD11_3 Pin=T?-12
Added Pin To Net: NetName=NetD11_3 Pin=T?-12
Added Pin To Net: NetName=NetL4_1 Pin=T?-13
Added Pin To Net: NetName=NetL4_1 Pin=T?-13
Added Pin To Net: NetName=NetD11_1 Pin=T?-14
Added Pin To Net: NetName=NetD11_1 Pin=T?-14
Change Net Name : Old Net Name=+350V New Net Name=+550V
Change Net Name : Old Net Name=NetC24_1 New Net Name=NetC36_2
Added Pin To Net: NetName=NetC23_1 Pin=C23-1
Added Pin To Net: NetName=NetC23_1 Pin=C?-2
Added Pin To Net: NetName=NetC23_1 Pin=R22-1
Added Pin To Net: NetName=NetC23_1 Pin=R?-2
Added Pin To Net: NetName=NetC23_1 Pin=U1-16
Added Pin To Net: NetName=NetC23_1 Pin=VT2-3
Added Net: Name=NetC23_1
Added Pin To Net: NetName=NetC?_1 Pin=C?-1
Added Pin To Net: NetName=NetC?_1 Pin=C?-2
Added Pin To Net: NetName=NetC?_1 Pin=C?-2
Added Pin To Net: NetName=NetC?_1 Pin=D?-2
Added Pin To Net: NetName=NetC?_1 Pin=D?-2
Added Pin To Net: NetName=NetC?_1 Pin=VD?-2
Added Net: Name=NetC?_1
Add Net: Net with name "NetC?_1" already exists
Add Net: Net with name "NetC?_1" already exists
Added Pin To Net: NetName=NetC?_2 Pin=C?-2
Added Pin To Net: NetName=NetC?_2 Pin=VD?-1
Added Net: Name=NetC?_2
Added Pin To Net: NetName=NetD?_1 Pin=D?-1
Added Pin To Net: NetName=NetD?_1 Pin=D?-1
Added Pin To Net: NetName=NetD?_1 Pin=T?-7
Added Pin To Net: NetName=NetD?_1 Pin=T?-7
Added Net: Name=NetD?_1
Added Pin To Net: NetName=NetD?_2 Pin=D?-2
Added Pin To Net: NetName=NetD?_2 Pin=D?-2
Added Pin To Net: NetName=NetD?_2 Pin=T?-6
Added Pin To Net: NetName=NetD?_2 Pin=T?-6
Added Net: Name=NetD?_2
