Removed Pin From Net: NetName=NetC3_2 Pin=D12-2
Removed Pin From Net: NetName=NetC3_1 Pin=D13-1
Removed Pin From Net: NetName=NetC3_2 Pin=D14-2
Removed Pin From Net: NetName=NetC3_1 Pin=D15-1
Removed Pin From Net: NetName=NetC3_2 Pin=K1-1
Removed Pin From Net: NetName=NetC30_2 Pin=K1-8
Removed Pin From Net: NetName=PWM_I Pin=R23-1
Change Component Comment : Designator=K1 Old Comment= New Comment=F1CA005V
Change Component Designator: OldDesignator=C2 NewDesignator=C37
Change Component Designator: OldDesignator=C5 NewDesignator=C2
Change Component Designator: OldDesignator=C6 NewDesignator=C7
Change Component Designator: OldDesignator=C7 NewDesignator=C10
Change Component Designator: OldDesignator=C8 NewDesignator=C21
Change Component Designator: OldDesignator=C9 NewDesignator=C11
Change Component Designator: OldDesignator=C10 NewDesignator=C22
Change Component Designator: OldDesignator=C11 NewDesignator=C17
Change Component Designator: OldDesignator=C12 NewDesignator=C24
Change Component Designator: OldDesignator=C13 NewDesignator=C18
Change Component Designator: OldDesignator=C16 NewDesignator=C14
Change Component Designator: OldDesignator=C19 NewDesignator=C23
Change Component Designator: OldDesignator=C20 NewDesignator=C25
Change Component Designator: OldDesignator=C21 NewDesignator=C26
Change Component Designator: OldDesignator=C22 NewDesignator=C12
Change Component Designator: OldDesignator=C23 NewDesignator=C13
Change Component Designator: OldDesignator=C24 NewDesignator=C8
Change Component Designator: OldDesignator=C25 NewDesignator=C28
Change Component Designator: OldDesignator=C26 NewDesignator=C15
Change Component Designator: OldDesignator=C27 NewDesignator=C34
Change Component Designator: OldDesignator=C28 NewDesignator=C35
Change Component Designator: OldDesignator=C29 NewDesignator=C36
Change Component Designator: OldDesignator=C30 NewDesignator=C16
Change Component Designator: OldDesignator=C31 NewDesignator=C5
Change Component Designator: OldDesignator=C34 NewDesignator=C6
Change Component Designator: OldDesignator=C35 NewDesignator=C9
Change Component Designator: OldDesignator=C36 NewDesignator=C32
Change Component Designator: OldDesignator=C38 NewDesignator=C33
Change Component Designator: OldDesignator=C42 NewDesignator=C29
Change Component Designator: OldDesignator=C43 NewDesignator=C30
Change Component Designator: OldDesignator=C44 NewDesignator=C31
Change Component Designator: OldDesignator=D1 NewDesignator=D5
Change Component Designator: OldDesignator=D2 NewDesignator=D12
Change Component Designator: OldDesignator=D3 NewDesignator=D10
Change Component Designator: OldDesignator=D4 NewDesignator=D11
Change Component Designator: OldDesignator=D5 NewDesignator=D14
Change Component Designator: OldDesignator=D7 NewDesignator=D13
Change Component Designator: OldDesignator=D8 NewDesignator=D7
Change Component Designator: OldDesignator=D9 NewDesignator=D8
Change Component Designator: OldDesignator=D10 NewDesignator=D9
Change Component Designator: OldDesignator=D11 NewDesignator=D15
Change Component Designator: OldDesignator=J2 NewDesignator=J5
Change Component Designator: OldDesignator=J3 NewDesignator=J6
Change Component Designator: OldDesignator=J4 NewDesignator=J3
Change Component Designator: OldDesignator=J5 NewDesignator=J2
Change Component Designator: OldDesignator=K1 NewDesignator=K2
Change Component Designator: OldDesignator=L1 NewDesignator=L5
Change Component Designator: OldDesignator=L2 NewDesignator=L1
Change Component Designator: OldDesignator=L3 NewDesignator=L2
Change Component Designator: OldDesignator=R1 NewDesignator=R22
Change Component Designator: OldDesignator=R7 NewDesignator=R11
Change Component Designator: OldDesignator=R8 NewDesignator=R12
Change Component Designator: OldDesignator=R9 NewDesignator=R13
Change Component Designator: OldDesignator=R10 NewDesignator=R7
Change Component Designator: OldDesignator=R11 NewDesignator=R1
Change Component Designator: OldDesignator=R12 NewDesignator=R8
Change Component Designator: OldDesignator=R13 NewDesignator=R9
Change Component Designator: OldDesignator=R14 NewDesignator=R24
Change Component Designator: OldDesignator=R16 NewDesignator=R17
Change Component Designator: OldDesignator=R17 NewDesignator=R16
Change Component Designator: OldDesignator=R18 NewDesignator=R19
Change Component Designator: OldDesignator=R19 NewDesignator=R21
Change Component Designator: OldDesignator=R20 NewDesignator=R14
Change Component Designator: OldDesignator=R23 NewDesignator=R18
Change Component Designator: OldDesignator=R24 NewDesignator=R20
Change Component Designator: OldDesignator=R25 NewDesignator=R23
Change Component Designator: OldDesignator=R26 NewDesignator=R25
Change Component Designator: OldDesignator=R27 NewDesignator=R26
Change Component Designator: OldDesignator=R28 NewDesignator=R27
Change Component Designator: OldDesignator=R29 NewDesignator=R30
Change Component Designator: OldDesignator=R30 NewDesignator=R29
Change Component Designator: OldDesignator=R37 NewDesignator=R10
Change Component Designator: OldDesignator=R39 NewDesignator=R36
Change Component Designator: OldDesignator=R41 NewDesignator=R28
Change Component Designator: OldDesignator=R44 NewDesignator=R35
Change Component Designator: OldDesignator=TP1 NewDesignator=TP2
Change Component Designator: OldDesignator=TP2 NewDesignator=TP12
Change Component Designator: OldDesignator=TP3 NewDesignator=TP13
Change Component Designator: OldDesignator=TP4 NewDesignator=TP14
Change Component Designator: OldDesignator=TP5 NewDesignator=TP7
Change Component Designator: OldDesignator=TP6 NewDesignator=TP24
Change Component Designator: OldDesignator=TP7 NewDesignator=TP5
Change Component Designator: OldDesignator=TP9 NewDesignator=TP18
Change Component Designator: OldDesignator=TP10 NewDesignator=TP19
Change Component Designator: OldDesignator=TP11 NewDesignator=TP20
Change Component Designator: OldDesignator=TP12 NewDesignator=TP1
Change Component Designator: OldDesignator=TP13 NewDesignator=TP17
Change Component Designator: OldDesignator=TP14 NewDesignator=TP23
Change Component Designator: OldDesignator=TP16 NewDesignator=TP21
Change Component Designator: OldDesignator=TP17 NewDesignator=TP22
Change Component Designator: OldDesignator=TP18 NewDesignator=TP29
Change Component Designator: OldDesignator=TP19 NewDesignator=TP25
Change Component Designator: OldDesignator=TP20 NewDesignator=TP26
Change Component Designator: OldDesignator=TP21 NewDesignator=TP27
Change Component Designator: OldDesignator=TP22 NewDesignator=TP28
Change Component Designator: OldDesignator=TP23 NewDesignator=TP30
Change Component Designator: OldDesignator=TP24 NewDesignator=TP31
Change Component Designator: OldDesignator=TP25 NewDesignator=TP32
Change Component Designator: OldDesignator=TP30 NewDesignator=TP4
Change Component Designator: OldDesignator=TP32 NewDesignator=TP8
Change Component Designator: OldDesignator=TP33 NewDesignator=TP10
Change Component Designator: OldDesignator=TP36 NewDesignator=TP15
Change Component Designator: OldDesignator=TP37 NewDesignator=TP16
Change Component Designator: OldDesignator=TP38 NewDesignator=TP6
Change Component Designator: OldDesignator=TP39 NewDesignator=TP3
Change Component Designator: OldDesignator=TP43 NewDesignator=TP11
Change Component Designator: OldDesignator=TP44 NewDesignator=TP9
Change Component Designator: OldDesignator=U3 NewDesignator=U1
Change Component Designator: OldDesignator=U4 NewDesignator=U2
Change Component Designator: OldDesignator=VD2 NewDesignator=VD3
Change Component Designator: OldDesignator=VD3 NewDesignator=VD4
Change Component Designator: OldDesignator=VD4 NewDesignator=VD2
Change Component Designator: OldDesignator=VD6 NewDesignator=VD10
Change Component Designator: OldDesignator=VD7 NewDesignator=VD6
Change Component Designator: OldDesignator=VD8 NewDesignator=VD7
Change Component Designator: OldDesignator=VD9 NewDesignator=VD8
Change Component Designator: OldDesignator=VD10 NewDesignator=VD9
Change Component Designator: OldDesignator=VD12 NewDesignator=VD11
Added Component: Designator=C19(CAP-0805)
Added Component: Designator=C20(CAPPOL-12x25)
Added Component: Designator=C27(CAP-0805)
Added Component: Designator=D1(SR5100(DO-201AD)
Added Component: Designator=D2(SR5100(DO-201AD)
Added Component: Designator=D3(SR5100(DO-201AD)
Added Component: Designator=D4(SR5100(DO-201AD)
Added Component: Designator=J4(691101710002)
Add component (AddParameter): Name = "Application"; Value = "Pressure Clamp"; VariantName = "[No Variations]"
Add component (AddParameter): Name = "Category"; Value = "Terminal Blocks"; VariantName = "[No Variations]"
Add component (AddParameter): Name = "ComponentLink1Description"; Value = "Website Link"; VariantName = "[No Variations]"
Add component (AddParameter): Name = "ComponentLink1URL"; Value = "https://www.we-online.com/redexpert/article/691101710002?ad"; VariantName = "[No Variations]"
Add component (AddParameter): Name = "ComponentLink2Description"; Value = "Datasheet Link"; VariantName = "[No Variations]"
Add component (AddParameter): Name = "ComponentLink2URL"; Value = "https://www.we-online.com/redexpert/spec/691101710002?ad"; VariantName = "[No Variations]"
Add component (AddParameter): Name = "Manufacturer"; Value = "Wurth Elektronik"; VariantName = "[No Variations]"
Add component (AddParameter): Name = "Manufacturer Part Number"; Value = "691101710002"; VariantName = "[No Variations]"
Add component (AddParameter): Name = "Match Code"; Value = "WR-TBL"; VariantName = "[No Variations]"
Add component (AddParameter): Name = "Modularity"; Value = "Yes"; VariantName = "[No Variations]"
Add component (AddParameter): Name = "Mount"; Value = "Through Hole"; VariantName = "[No Variations]"
Add component (AddParameter): Name = "Number of Pins"; Value = "2"; VariantName = "[No Variations]"
Add component (AddParameter): Name = "Number of Rows"; Value = "1"; VariantName = "[No Variations]"
Add component (AddParameter): Name = "Operating Temperature Max"; Value = "105°C"; VariantName = "[No Variations]"
Add component (AddParameter): Name = "Operating Temperature Min"; Value = "-40°C"; VariantName = "[No Variations]"
Add component (AddParameter): Name = "Orientation"; Value = "Horizontal"; VariantName = "[No Variations]"
Add component (AddParameter): Name = "Packaging"; Value = "Box"; VariantName = "[No Variations]"
Add component (AddParameter): Name = "Pitch"; Value = "5mm"; VariantName = "[No Variations]"
Add component (AddParameter): Name = "Rated Current"; Value = "16A"; VariantName = "[No Variations]"
Add component (AddParameter): Name = "Working Voltage"; Value = "250V"; VariantName = "[No Variations]"
Add Component: Footprint Not Found Relay_F1CA005V_Omron
Added Component: Designator=L3(WE-PD2_1054)
Add component (AddParameter): Name = "Case/Size Code"; Value = "1054"; VariantName = "[No Variations]"
Add component (AddParameter): Name = "Category"; Value = "Unshielded Power Inductors"; VariantName = "[No Variations]"
Add component (AddParameter): Name = "ComponentLink1Description"; Value = "Website Link"; VariantName = "[No Variations]"
Add component (AddParameter): Name = "ComponentLink1URL"; Value = "https://www.we-online.com/redexpert/article/744776012?ad"; VariantName = "[No Variations]"
Add component (AddParameter): Name = "ComponentLink2Description"; Value = "Datasheet Link"; VariantName = "[No Variations]"
Add component (AddParameter): Name = "ComponentLink2URL"; Value = "https://www.we-online.com/redexpert/spec/744776012?ad"; VariantName = "[No Variations]"
Add component (AddParameter): Name = "DC Resistance"; Value = "0.004?"; VariantName = "[No Variations]"
Add component (AddParameter): Name = "DC Resistance Max"; Value = "0.006?"; VariantName = "[No Variations]"
Add component (AddParameter): Name = "Height"; Value = "5.4mm"; VariantName = "[No Variations]"
Add component (AddParameter): Name = "Inductance"; Value = "1.2µH"; VariantName = "[No Variations]"
Add component (AddParameter): Name = "Length"; Value = "10mm"; VariantName = "[No Variations]"
Add component (AddParameter): Name = "Manufacturer"; Value = "Wurth Elektronik"; VariantName = "[No Variations]"
Add component (AddParameter): Name = "Manufacturer Part Number"; Value = "744776012"; VariantName = "[No Variations]"
Add component (AddParameter): Name = "Match Code"; Value = "WE-PD2"; VariantName = "[No Variations]"
Add component (AddParameter): Name = "Mount"; Value = "Surface Mount"; VariantName = "[No Variations]"
Add component (AddParameter): Name = "Operating Temperature Max"; Value = "125°C"; VariantName = "[No Variations]"
Add component (AddParameter): Name = "Operating Temperature Min"; Value = "-40°C"; VariantName = "[No Variations]"
Add component (AddParameter): Name = "Packaging"; Value = "Tape and Reel"; VariantName = "[No Variations]"
Add component (AddParameter): Name = "Rated Current"; Value = "7.4A"; VariantName = "[No Variations]"
Add component (AddParameter): Name = "Saturation Current"; Value = "11A"; VariantName = "[No Variations]"
Add component (AddParameter): Name = "Self Resonant Frequency"; Value = "110MHz"; VariantName = "[No Variations]"
Add component (AddParameter): Name = "Width"; Value = "9mm"; VariantName = "[No Variations]"
Added Component: Designator=R15(RES-0805)
Added Pin To Net: NetName=NetC3_2 Pin=C19-2
Added Pin To Net: NetName=NetC3_2 Pin=C20-2
Added Pin To Net: NetName=GND_1 Pin=C27-1
Added Pin To Net: NetName=NetC3_2 Pin=D1-2
Added Pin To Net: NetName=NetC3_1 Pin=D2-1
Added Pin To Net: NetName=NetC3_2 Pin=D3-2
Added Pin To Net: NetName=NetC3_1 Pin=D4-1
Added Pin To Net: NetName=NetC3_2 Pin=J4-2
Add Pin To Net: Unknown Pin: Pin K1-1
Add Pin To Net: Unknown Pin: Pin K1-8
Added Pin To Net: NetName=NetC3_1 Pin=L3-1
Added Pin To Net: NetName=PWM_I Pin=R15-1
Change Net Name : Old Net Name=NetC2_1 New Net Name=NetC37_1
Change Net Name : Old Net Name=NetC2_2 New Net Name=NetC17_1
Change Net Name : Old Net Name=NetC5_1 New Net Name=NetC2_1
Change Net Name : Old Net Name=NetC5_2 New Net Name=NetC2_2
Change Net Name : Old Net Name=NetC7_2 New Net Name=NetC10_2
Change Net Name : Old Net Name=NetC12_2 New Net Name=NetC24_2
Change Net Name : Old Net Name=NetC16_1 New Net Name=NetC14_1
Change Net Name : Old Net Name=NetC20_2 New Net Name=NetC25_2
Change Net Name : Old Net Name=NetC21_2 New Net Name=NetC26_2
Change Net Name : Old Net Name=NetC25_2 New Net Name=NetC28_2
Change Net Name : Old Net Name=NetC28_1 New Net Name=NetC35_1
Change Net Name : Old Net Name=NetC30_2 New Net Name=NetC16_2
Change Net Name : Old Net Name=NetC36_2 New Net Name=NetC30_1
Change Net Name : Old Net Name=NetC44_1 New Net Name=NetC31_1
Change Net Name : Old Net Name=NetC44_2 New Net Name=NetC31_2
Change Net Name : Old Net Name=NetD1_1 New Net Name=NetD5_1
Change Net Name : Old Net Name=NetD1_3 New Net Name=NetD5_3
Change Net Name : Old Net Name=NetD2_1 New Net Name=NetD12_1
Change Net Name : Old Net Name=NetD2_3 New Net Name=NetD12_3
Change Net Name : Old Net Name=NetD3_2 New Net Name=NetD10_2
Change Net Name : Old Net Name=NetD4_2 New Net Name=NetD11_2
Change Net Name : Old Net Name=NetD5_1 New Net Name=NetD14_1
Change Net Name : Old Net Name=NetD9_2 New Net Name=NetD8_2
Change Net Name : Old Net Name=NetD11_1 New Net Name=NetD15_1
Change Net Name : Old Net Name=NetK1_3 New Net Name=NetK2_3
Change Net Name : Old Net Name=NetK1_5 New Net Name=NetK2_5
Change Net Name : Old Net Name=NetK1_6 New Net Name=NetK2_6
Change Net Name : Old Net Name=NetK1_7 New Net Name=NetK2_7
Change Net Name : Old Net Name=NetL2_1 New Net Name=NetL1_1
Change Net Name : Old Net Name=NetR7_1 New Net Name=NetR11_1
Change Net Name : Old Net Name=NetR8_1 New Net Name=NetR12_1
Change Net Name : Old Net Name=NetR11_1 New Net Name=NetR1_1
Change Net Name : Old Net Name=NetR12_1 New Net Name=NetR8_1
Change Net Name : Old Net Name=NetR14_2 New Net Name=NetR24_2
Change Net Name : Old Net Name=NetR26_1 New Net Name=NetR25_1
Change Net Name : Old Net Name=NetR27_2 New Net Name=NetR26_2
Change Net Name : Old Net Name=NetR28_2 New Net Name=NetR27_2
Change Net Name : Old Net Name=NetR37_2 New Net Name=NetR10_2
Change Net Name : Old Net Name=NetTP22_1 New Net Name=NetTP28_1
Added Pin To Net: NetName=NetC19_1 Pin=C19-1
Added Pin To Net: NetName=NetC19_1 Pin=C20-1
Added Pin To Net: NetName=NetC19_1 Pin=J4-1
Added Pin To Net: NetName=NetC19_1 Pin=L3-2
Added Net: Name=NetC19_1
Added Pin To Net: NetName=NetC27_2 Pin=C27-2
Added Pin To Net: NetName=NetC27_2 Pin=R15-2
Added Pin To Net: NetName=NetC27_2 Pin=R18-1
Added Net: Name=NetC27_2
Added Pin To Net: NetName=NetD1_1 Pin=D1-1
Added Pin To Net: NetName=NetD1_1 Pin=D3-1
Added Pin To Net: NetName=NetD1_1 Pin=T1-7
Added Pin To Net: NetName=NetD1_1 Pin=T1-7
Added Net: Name=NetD1_1
Added Pin To Net: NetName=NetD2_2 Pin=D2-2
Added Pin To Net: NetName=NetD2_2 Pin=D4-2
Added Pin To Net: NetName=NetD2_2 Pin=T1-6
Added Pin To Net: NetName=NetD2_2 Pin=T1-6
Added Net: Name=NetD2_2
