Removed Pin From Net: NetName=NetC7_2 Pin=C?-2
Removed Pin From Net: NetName=GND Pin=D1-1
Removed Pin From Net: NetName=NetC5_1 Pin=D5-2
Removed Pin From Net: NetName=NetC5_1 Pin=D5-2
Removed Pin From Net: NetName=NetC36_2 Pin=D11-2
Removed Pin From Net: NetName=NetC36_2 Pin=D11-2
Removed Pin From Net: NetName=NetC1_2 Pin=F1-1
Removed Pin From Net: NetName=+550V Pin=R21-2
Removed Pin From Net: NetName=NetC7_2 Pin=R22-1
Removed Pin From Net: NetName=GND_1 Pin=R27-3
Removed Pin From Net: NetName=NetC7_2 Pin=R42-2
Removed Pin From Net: NetName=GND Pin=R43-1
Removed Pin From Net: NetName=NetB1_3 Pin=T1-1
Removed Pin From Net: NetName=NetB1_3 Pin=T1-1
Removed Pin From Net: NetName=NetC11_1 Pin=T1-3
Removed Pin From Net: NetName=NetC11_1 Pin=T1-3
Removed Pin From Net: NetName=NetR37_2 Pin=VD4-1
Removed Pin From Net: NetName=GND_1 Pin=VD11-1
Removed Pin From Net: NetName=NetD4_2 Pin=VT1-1
Removed Pin From Net: NetName=+550V Pin=VT1-2
Removed Pin From Net: NetName=+550V Pin=VT1-2
Removed Pin From Net: NetName=NetB1_3 Pin=VT1-3
Removed Pin From Net: NetName=NetD3_2 Pin=VT2-1
Removed Pin From Net: NetName=NetB1_3 Pin=VT2-2
Removed Pin From Net: NetName=NetB1_3 Pin=VT2-2
Change Component Footprint: Designator=C29 Old Footprint=CAP-TAN-C New Footprint=CAP-TAN-D
Change Component Comment : Designator=TP13 Old Comment=Test_Point_PCB New Comment=
Change Component Comment : Designator=TP14 Old Comment=Test_Point_PCB New Comment=
Change Component Comment : Designator=TP16 Old Comment=Test_Point_PCB New Comment=
Change Component Comment : Designator=TP17 Old Comment=Test_Point_PCB New Comment=
Change Component Comment : Designator=TP18 Old Comment=Test_Point_PCB New Comment=
Change Component Comment : Designator=VD4 Old Comment=ZENER New Comment=
Added Component: Designator=D?(LED_GREEN)
Add component (AddParameter): Name = "Arrow Part Number"; Value = ""; VariantName = "[No Variations]"
Add component (AddParameter): Name = "Arrow Price/Stock"; Value = ""; VariantName = "[No Variations]"
Add component (AddParameter): Name = "Datasheet Link"; Value = "https://katalog.we-online.de/led/datasheet/151031YS06000.pdf"; VariantName = "[No Variations]"
Add component (AddParameter): Name = "Geometry.Height"; Value = "5.5mm"; VariantName = "[No Variations]"
Add component (AddParameter): Name = "Manufacturer_Name"; Value = "Wurth Elektronik"; VariantName = "[No Variations]"
Add component (AddParameter): Name = "Manufacturer_Part_Number"; Value = "151031YS06000"; VariantName = "[No Variations]"
Add component (AddParameter): Name = "Mouser Part Number"; Value = "710-151031YS06000"; VariantName = "[No Variations]"
Add component (AddParameter): Name = "Mouser Price/Stock"; Value = "https://www.mouser.co.uk/ProductDetail/Wurth-Elektronik/151031YS06000?qs=LlUlMxKIyB3xSYYW%252BcuBiQ%3D%3D"; VariantName = "[No Variations]"
Add component (AddParameter): Name = "Mouser Testing Part Number"; Value = ""; VariantName = "[No Variations]"
Add component (AddParameter): Name = "Mouser Testing Price/Stock"; Value = ""; VariantName = "[No Variations]"
Added Component: Designator=D?(TO-220(bend1))
Added Component: Designator=D?(TO-220(bend1))
Added Component: Designator=R?(RES_SMD_1210_IPC_A)
Added Component: Designator=R?(RES_SMD_1210_IPC_A)
Added Component: Designator=R?(RES-0805)
Added Component: Designator=R?(RES_SMD_1210_IPC_A)
Added Component: Designator=R?(RES-2512)
Added Component: Designator=R?(RES-2512)
Added Component: Designator=R?(RES-2512)
Added Component: Designator=R?(RES_SMD_1210_IPC_A)
Added Component: Designator=R?(RES-2512)
Added Component: Designator=TP?(Test_Point)
Added Component: Designator=VT?(TO-220(bend1))
Added Component: Designator=VT?(TO-220(bend1))
Added Pin To Net: NetName=GND Pin=B1-7
Added Pin To Net: NetName=GND Pin=C1-1
Added Pin To Net: NetName=GND Pin=C42-2
Added Pin To Net: NetName=NetC11_1 Pin=C?-2
Added Pin To Net: NetName=GND_1 Pin=D?-2
Added Pin To Net: NetName=NetC5_1 Pin=D?-2
Added Pin To Net: NetName=NetC36_2 Pin=D?-2
Added Pin To Net: NetName=GND Pin=J1-1
Added Pin To Net: NetName=GND Pin=R1-2
Added Pin To Net: NetName=GND_1 Pin=R?-1
Added Pin To Net: NetName=GND Pin=R?-1
Added Pin To Net: NetName=GND Pin=R?-1
Added Pin To Net: NetName=GND Pin=R?-1
Added Pin To Net: NetName=NetC4_2 Pin=R?-1
Added Pin To Net: NetName=NetC7_2 Pin=R?-1
Added Pin To Net: NetName=NetC7_2 Pin=R?-1
Added Pin To Net: NetName=+550V Pin=R?-2
Added Pin To Net: NetName=+550V Pin=R?-2
Added Pin To Net: NetName=+550V Pin=R?-2
Added Pin To Net: NetName=+550V Pin=R?-2
Added Pin To Net: NetName=NetC4_2 Pin=R?-2
Added Pin To Net: NetName=NetC7_2 Pin=R?-2
Added Pin To Net: NetName=NetC1_2 Pin=RT1-2
Added Pin To Net: NetName=NetC11_1 Pin=T1-1
Added Pin To Net: NetName=NetC11_1 Pin=T1-1
Added Pin To Net: NetName=NetB1_3 Pin=T1-3
Added Pin To Net: NetName=NetB1_3 Pin=T1-3
Added Pin To Net: NetName=NetC7_2 Pin=TP?-1
Added Pin To Net: NetName=NetR11_1 Pin=VD4-1
Added Pin To Net: NetName=NetD3_2 Pin=VT?-1
Added Pin To Net: NetName=NetD4_2 Pin=VT?-1
Added Pin To Net: NetName=+550V Pin=VT?-2
Added Pin To Net: NetName=NetB1_3 Pin=VT?-2
Added Pin To Net: NetName=GND Pin=VT?-3
Added Pin To Net: NetName=NetB1_3 Pin=VT?-3
Change Net Name : Old Net Name=+550V New Net Name=+950V
Added Pin To Net: NetName=NetD?_1 Pin=D?-1
Added Pin To Net: NetName=NetD?_1 Pin=T1-10
Added Pin To Net: NetName=NetD?_1 Pin=T1-10
Added Net: Name=NetD?_1
Add Net: Net with name "NetD?_1" already exists
Add Net: Net with name "NetD?_1" already exists
Added Pin To Net: NetName=NetD?_3 Pin=D?-3
Added Pin To Net: NetName=NetD?_3 Pin=T1-12
Added Pin To Net: NetName=NetD?_3 Pin=T1-12
Added Net: Name=NetD?_3
Add Net: Net with name "NetD?_3" already exists
Added Pin To Net: NetName=NetR27_3 Pin=R27-3
Added Pin To Net: NetName=NetR27_3 Pin=R?-2
Added Net: Name=NetR27_3
Added Pin To Net: NetName=NetR?_1 Pin=R?-1
Added Pin To Net: NetName=NetR?_1 Pin=R?-1
Added Pin To Net: NetName=NetR?_1 Pin=R?-2
Added Pin To Net: NetName=NetR?_1 Pin=R?-2
Added Net: Name=NetR?_1
Add Net: Net with name "NetR?_1" already exists
Add Net: Net with name "NetR?_1" already exists
Add Net: Net with name "NetR?_1" already exists
Change Simulation Model (AddParameter): Name = "Case/Size Code"; Value = "1054"; VariantName = "[No Variations]"
Change Simulation Model (AddParameter): Name = "Category"; Value = "Unshielded Power Inductors"; VariantName = "[No Variations]"
Change Simulation Model (AddParameter): Name = "ComponentLink1Description"; Value = "Website Link"; VariantName = "[No Variations]"
Change Simulation Model (AddParameter): Name = "ComponentLink1URL"; Value = "https://www.we-online.com/redexpert/article/744776012?ad"; VariantName = "[No Variations]"
Change Simulation Model (AddParameter): Name = "ComponentLink2Description"; Value = "Datasheet Link"; VariantName = "[No Variations]"
Change Simulation Model (AddParameter): Name = "ComponentLink2URL"; Value = "https://www.we-online.com/redexpert/spec/744776012?ad"; VariantName = "[No Variations]"
Change Simulation Model (AddParameter): Name = "DC Resistance"; Value = "0.004?"; VariantName = "[No Variations]"
Change Simulation Model (AddParameter): Name = "DC Resistance Max"; Value = "0.006?"; VariantName = "[No Variations]"
Change Simulation Model (AddParameter): Name = "Height"; Value = "5.4mm"; VariantName = "[No Variations]"
Change Simulation Model (AddParameter): Name = "Inductance"; Value = "1.2µH"; VariantName = "[No Variations]"
Change Simulation Model (AddParameter): Name = "Length"; Value = "10mm"; VariantName = "[No Variations]"
Change Simulation Model (AddParameter): Name = "Manufacturer"; Value = "Wurth Elektronik"; VariantName = "[No Variations]"
Change Simulation Model (AddParameter): Name = "Manufacturer Part Number"; Value = "744776012"; VariantName = "[No Variations]"
Change Simulation Model (AddParameter): Name = "Match Code"; Value = "WE-PD2"; VariantName = "[No Variations]"
Change Simulation Model (AddParameter): Name = "Mount"; Value = "Surface Mount"; VariantName = "[No Variations]"
Change Simulation Model (AddParameter): Name = "Operating Temperature Max"; Value = "125°C"; VariantName = "[No Variations]"
Change Simulation Model (AddParameter): Name = "Operating Temperature Min"; Value = "-40°C"; VariantName = "[No Variations]"
Change Simulation Model (AddParameter): Name = "Packaging"; Value = "Tape and Reel"; VariantName = "[No Variations]"
Change Simulation Model (AddParameter): Name = "Rated Current"; Value = "7.4A"; VariantName = "[No Variations]"
Change Simulation Model (AddParameter): Name = "Saturation Current"; Value = "11A"; VariantName = "[No Variations]"
Change Simulation Model (AddParameter): Name = "Self Resonant Frequency"; Value = "110MHz"; VariantName = "[No Variations]"
Change Simulation Model (AddParameter): Name = "Width"; Value = "9mm"; VariantName = "[No Variations]"
Change Simulation Model (AddParameter): Name = "Case/Size Code"; Value = "1054"; VariantName = "[No Variations]"
Change Simulation Model (AddParameter): Name = "Category"; Value = "Unshielded Power Inductors"; VariantName = "[No Variations]"
Change Simulation Model (AddParameter): Name = "ComponentLink1Description"; Value = "Website Link"; VariantName = "[No Variations]"
Change Simulation Model (AddParameter): Name = "ComponentLink1URL"; Value = "https://www.we-online.com/redexpert/article/744776012?ad"; VariantName = "[No Variations]"
Change Simulation Model (AddParameter): Name = "ComponentLink2Description"; Value = "Datasheet Link"; VariantName = "[No Variations]"
Change Simulation Model (AddParameter): Name = "ComponentLink2URL"; Value = "https://www.we-online.com/redexpert/spec/744776012?ad"; VariantName = "[No Variations]"
Change Simulation Model (AddParameter): Name = "DC Resistance"; Value = "0.004?"; VariantName = "[No Variations]"
Change Simulation Model (AddParameter): Name = "DC Resistance Max"; Value = "0.006?"; VariantName = "[No Variations]"
Change Simulation Model (AddParameter): Name = "Height"; Value = "5.4mm"; VariantName = "[No Variations]"
Change Simulation Model (AddParameter): Name = "Inductance"; Value = "1.2µH"; VariantName = "[No Variations]"
Change Simulation Model (AddParameter): Name = "Length"; Value = "10mm"; VariantName = "[No Variations]"
Change Simulation Model (AddParameter): Name = "Manufacturer"; Value = "Wurth Elektronik"; VariantName = "[No Variations]"
Change Simulation Model (AddParameter): Name = "Manufacturer Part Number"; Value = "744776012"; VariantName = "[No Variations]"
Change Simulation Model (AddParameter): Name = "Match Code"; Value = "WE-PD2"; VariantName = "[No Variations]"
Change Simulation Model (AddParameter): Name = "Mount"; Value = "Surface Mount"; VariantName = "[No Variations]"
Change Simulation Model (AddParameter): Name = "Operating Temperature Max"; Value = "125°C"; VariantName = "[No Variations]"
Change Simulation Model (AddParameter): Name = "Operating Temperature Min"; Value = "-40°C"; VariantName = "[No Variations]"
Change Simulation Model (AddParameter): Name = "Packaging"; Value = "Tape and Reel"; VariantName = "[No Variations]"
Change Simulation Model (AddParameter): Name = "Rated Current"; Value = "7.4A"; VariantName = "[No Variations]"
Change Simulation Model (AddParameter): Name = "Saturation Current"; Value = "11A"; VariantName = "[No Variations]"
Change Simulation Model (AddParameter): Name = "Self Resonant Frequency"; Value = "110MHz"; VariantName = "[No Variations]"
Change Simulation Model (AddParameter): Name = "Width"; Value = "9mm"; VariantName = "[No Variations]"
Change Simulation Model (AddParameter): Name = "Case/Size Code"; Value = "1054"; VariantName = "[No Variations]"
Change Simulation Model (AddParameter): Name = "Category"; Value = "Unshielded Power Inductors"; VariantName = "[No Variations]"
Change Simulation Model (AddParameter): Name = "ComponentLink1Description"; Value = "Website Link"; VariantName = "[No Variations]"
Change Simulation Model (AddParameter): Name = "ComponentLink1URL"; Value = "https://www.we-online.com/redexpert/article/744776012?ad"; VariantName = "[No Variations]"
Change Simulation Model (AddParameter): Name = "ComponentLink2Description"; Value = "Datasheet Link"; VariantName = "[No Variations]"
Change Simulation Model (AddParameter): Name = "ComponentLink2URL"; Value = "https://www.we-online.com/redexpert/spec/744776012?ad"; VariantName = "[No Variations]"
Change Simulation Model (AddParameter): Name = "DC Resistance"; Value = "0.004?"; VariantName = "[No Variations]"
Change Simulation Model (AddParameter): Name = "DC Resistance Max"; Value = "0.006?"; VariantName = "[No Variations]"
Change Simulation Model (AddParameter): Name = "Height"; Value = "5.4mm"; VariantName = "[No Variations]"
Change Simulation Model (AddParameter): Name = "Inductance"; Value = "1.2µH"; VariantName = "[No Variations]"
Change Simulation Model (AddParameter): Name = "Length"; Value = "10mm"; VariantName = "[No Variations]"
Change Simulation Model (AddParameter): Name = "Manufacturer"; Value = "Wurth Elektronik"; VariantName = "[No Variations]"
Change Simulation Model (AddParameter): Name = "Manufacturer Part Number"; Value = "744776012"; VariantName = "[No Variations]"
Change Simulation Model (AddParameter): Name = "Match Code"; Value = "WE-PD2"; VariantName = "[No Variations]"
Change Simulation Model (AddParameter): Name = "Mount"; Value = "Surface Mount"; VariantName = "[No Variations]"
Change Simulation Model (AddParameter): Name = "Operating Temperature Max"; Value = "125°C"; VariantName = "[No Variations]"
Change Simulation Model (AddParameter): Name = "Operating Temperature Min"; Value = "-40°C"; VariantName = "[No Variations]"
Change Simulation Model (AddParameter): Name = "Packaging"; Value = "Tape and Reel"; VariantName = "[No Variations]"
Change Simulation Model (AddParameter): Name = "Rated Current"; Value = "7.4A"; VariantName = "[No Variations]"
Change Simulation Model (AddParameter): Name = "Saturation Current"; Value = "11A"; VariantName = "[No Variations]"
Change Simulation Model (AddParameter): Name = "Self Resonant Frequency"; Value = "110MHz"; VariantName = "[No Variations]"
Change Simulation Model (AddParameter): Name = "Width"; Value = "9mm"; VariantName = "[No Variations]"
Change Simulation Model (AddParameter): Name = "Case/Size Code"; Value = "1054"; VariantName = "[No Variations]"
Change Simulation Model (AddParameter): Name = "Category"; Value = "Unshielded Power Inductors"; VariantName = "[No Variations]"
Change Simulation Model (AddParameter): Name = "ComponentLink1Description"; Value = "Website Link"; VariantName = "[No Variations]"
Change Simulation Model (AddParameter): Name = "ComponentLink1URL"; Value = "https://www.we-online.com/redexpert/article/744776012?ad"; VariantName = "[No Variations]"
Change Simulation Model (AddParameter): Name = "ComponentLink2Description"; Value = "Datasheet Link"; VariantName = "[No Variations]"
Change Simulation Model (AddParameter): Name = "ComponentLink2URL"; Value = "https://www.we-online.com/redexpert/spec/744776012?ad"; VariantName = "[No Variations]"
Change Simulation Model (AddParameter): Name = "DC Resistance"; Value = "0.004?"; VariantName = "[No Variations]"
Change Simulation Model (AddParameter): Name = "DC Resistance Max"; Value = "0.006?"; VariantName = "[No Variations]"
Change Simulation Model (AddParameter): Name = "Height"; Value = "5.4mm"; VariantName = "[No Variations]"
Change Simulation Model (AddParameter): Name = "Inductance"; Value = "1.2µH"; VariantName = "[No Variations]"
Change Simulation Model (AddParameter): Name = "Length"; Value = "10mm"; VariantName = "[No Variations]"
Change Simulation Model (AddParameter): Name = "Manufacturer"; Value = "Wurth Elektronik"; VariantName = "[No Variations]"
Change Simulation Model (AddParameter): Name = "Manufacturer Part Number"; Value = "744776012"; VariantName = "[No Variations]"
Change Simulation Model (AddParameter): Name = "Match Code"; Value = "WE-PD2"; VariantName = "[No Variations]"
Change Simulation Model (AddParameter): Name = "Mount"; Value = "Surface Mount"; VariantName = "[No Variations]"
Change Simulation Model (AddParameter): Name = "Operating Temperature Max"; Value = "125°C"; VariantName = "[No Variations]"
Change Simulation Model (AddParameter): Name = "Operating Temperature Min"; Value = "-40°C"; VariantName = "[No Variations]"
Change Simulation Model (AddParameter): Name = "Packaging"; Value = "Tape and Reel"; VariantName = "[No Variations]"
Change Simulation Model (AddParameter): Name = "Rated Current"; Value = "7.4A"; VariantName = "[No Variations]"
Change Simulation Model (AddParameter): Name = "Saturation Current"; Value = "11A"; VariantName = "[No Variations]"
Change Simulation Model (AddParameter): Name = "Self Resonant Frequency"; Value = "110MHz"; VariantName = "[No Variations]"
Change Simulation Model (AddParameter): Name = "Width"; Value = "9mm"; VariantName = "[No Variations]"
