C51 COMPILER V9.53.0.0   SYS                                                               12/26/2024 17:13:57 PAGE 1   


C51 COMPILER V9.53.0.0, COMPILATION OF MODULE SYS
OBJECT MODULE PLACED IN ..\OBJ\sys.obj
COMPILER INVOKED BY: C:\Program Files (x86)\KEIL\C51\BIN\C51.EXE sys.c LARGE OMF2 OPTIMIZE(3,SIZE) BROWSE INCDIR(..\USER
                    -;..\FUNC_HANDLER;..\GUI_APP;..\HANDWARE\UART2) DEBUG PRINT(..\OBJ\sys.lst) TABS(2) OBJECT(..\OBJ\sys.obj)

line level    source

   1          #include "sys.h"
   2          
   3          
   4          static idata u16 delay_tick = 0; // –¥–ª—è —Ç–æ—á–Ω–æ–π –∑–∞–¥–µ—Ä–∂–∫–∏
   5          
   6          volatile  u32 sys_tick = 0; 
   7          
   8          // –∏–Ω–∏—Ü–∏–∞–ª–∏–∑–∞—Ü–∏—è –æ—Å–Ω–æ–≤–Ω—ã—Ö —Ä–µ–≥–∏—Å—Ç—Ä–æ–≤
   9          void sys_cpu_init()
  10          {
  11   1        EA = 0; // –æ—Ç–∫–ª –≥–ª–æ–± –ø—Ä–µ—Ä—ã–≤–∞–Ω–∏—è
  12   1        RS0 = 0;
  13   1        RS1 = 0;
  14   1      
  15   1        CKCON = 0x00;
  16   1        T2CON = 0x70;
  17   1        DPC = 0x00;
  18   1        PAGESEL = 0x01;
  19   1        D_PAGESEL = 0x02; //DATA RAM  0x8000-0xFFFF
  20   1        MUX_SEL = 0x00;   // UART2, UART2 on, WDT off
  21   1        RAMMODE = 0x00;
  22   1        PORTDRV = 0x01;   // Drive Strength +/-8mA
  23   1        IEN0 = 0x00;      // turn off all interrupts   /   –æ—Ç–∫–ª—é—á–∏—Ç—å –≤—Å–µ –ø—Ä–µ—Ä—ã–≤–∞–Ω–∏—è
  24   1      //  IEN1 = 0x00;
  25   1        IEN1 |= 0x30;  // –†–∞–∑—Ä–µ—à–∞–µ–º –ø—Ä–µ—Ä—ã–≤–∞–Ω–∏—è –¥–ª—è UART5 (–±–∏—Ç 4 –¥–ª—è –ø—Ä–∏–µ–º–∞, –±–
             -∏—Ç 5 –¥–ª—è –ø–µ—Ä–µ–¥–∞—á–∏)
  26   1        IEN2 = 0x00;
  27   1        IP0 = 0x00;       // Interrupt priority default /   –ü—Ä–∏–æ—Ä–∏—Ç–µ—Ç –ø—Ä–µ—Ä—ã–≤–∞–Ω–∏—è –ø–æ —É–º–æ–ª
             -—á–∞–Ω–∏—é
  28   1        IP1 = 0x00;
  29   1      
  30   1        WDT_OFF();        // close the door dog    /   –æ—Ç–∫–ª—é—á–∏—Ç—å watchdog
  31   1        
  32   1          // –í–∫–ª—é—á–∞–µ–º –ø—Ä–µ—Ä—ã–≤–∞–Ω–∏—è –¥–ª—è UART5
  33   1          ES3R = 1;          // –†–∞–∑—Ä–µ—à–∏—Ç—å –ø—Ä–µ—Ä—ã–≤–∞–Ω–∏–µ –¥–ª—è –ø—Ä–∏–µ–º–∞ UART5
  34   1          ES3T = 1;          // –†–∞–∑—Ä–µ—à–∏—Ç—å –ø—Ä–µ—Ä—ã–≤–∞–Ω–∏–µ –¥–ª—è –ø–µ—Ä–µ–¥–∞—á–∏ UART5
  35   1          EA = 1;            // –í–∫–ª—é—á–∞–µ–º –≥–ª–æ–±–∞–ª—å–Ω—ã–µ –ø—Ä–µ—Ä—ã–≤–∞–Ω–∏—è
  36   1          
  37   1      }
  38          
  39          
  40          // –¢–∞–π–º–µ—Ä 2 –∏–Ω–∏—Ü–∏–∞–ª–∏–∑–∏—Ä–æ–≤–∞–Ω, –∞ –≤—Ä–µ–º–µ–Ω–Ω–æ–π –∏–Ω—Ç–µ—Ä–≤–∞–ª —Ä–∞–≤–µ–Ω 1 –º—Å
             -.
  41          void sys_timer2_init()
  42          {
  43   1        T2CON = 0x70;
  44   1        TH2 = 0x00;
  45   1        TL2 = 0x00;
  46   1      
  47   1        TRL2H = 0xBC; // —Ç–∞–π–º–µ—Ä 1 –º—Å
  48   1        TRL2L = 0xCD;       
  49   1      
  50   1        IEN0 |= 0x20; // –∑–∞–ø—É—Å–∫ —Ç–∞–π–º–µ—Ä–∞ 2
  51   1        TR2 = 0x01;
C51 COMPILER V9.53.0.0   SYS                                                               12/26/2024 17:13:57 PAGE 2   

  52   1        EA = 1; // –≤–∫–ª –≥–ª–æ–± –ø—Ä–µ—Ä—ã–≤–∞–Ω–∏—è
  53   1      }
  54          
  55          
  56          // –∏–Ω–∏—Ü–∏–∞–ª–∏–∑–∞—Ü–∏—è —Å–∏—Å—Ç–µ–º—ã
  57          void sys_init()
  58          {
  59   1        sys_cpu_init(); // –∏–Ω–∏—Ü–∏–∞–ª–∏–∑–∞—Ü–∏—è –æ—Å–Ω–æ–≤–Ω—ã—Ö —Ä–µ–≥–∏—Å—Ç—Ä–æ–≤
  60   1        sys_timer2_init(); // –ò–Ω–∏—Ü–∏–∞–ª–∏–∑–∞—Ü–∏—è —Ç–∞–π–º–µ—Ä–∞ 2
  61   1      }
  62          
  63          // –≥—Ä—É–±–∞—è(–Ω–µ —Ç–æ—á–Ω–∞—è) –∑–∞–¥–µ—Ä–∂–∫–∞, –≤ –º—Å
  64          // –ï—Å–ª–∏ —É—Ä–æ–≤–µ–Ω—å –æ–ø—Ç–∏–º–∏–∑–∞—Ü–∏–∏ –∏–∑–º–µ–Ω–µ–Ω, –ø–∞—Ä–∞–º–µ—Ç—Ä—ã –≤–Ω—É—Ç—Ä–∏ —ç—Ç–æ–π
             - —Ñ—É–Ω–∫—Ü–∏–∏ –Ω–µ–æ–±—Ö–æ–¥–∏–º–æ –ø–æ–≤—Ç–æ—Ä–Ω–æ –æ—Ç–ª–∞–¥–∏—Ç—å
  65          void sys_delay_about_ms(u16 ms)
  66          {
  67   1        u16 i,j;
  68   1        for(i=0;i<ms;i++)
  69   1            for(j=0;j<3000;j++);    
  70   1      }
  71          
  72          // –≥—Ä—É–±–∞—è(–Ω–µ —Ç–æ—á–Ω–∞—è) –∑–∞–¥–µ—Ä–∂–∫–∞, us
  73          // –ï—Å–ª–∏ —É—Ä–æ–≤–µ–Ω—å –æ–ø—Ç–∏–º–∏–∑–∞—Ü–∏–∏ –∏–∑–º–µ–Ω–µ–Ω, –ø–∞—Ä–∞–º–µ—Ç—Ä—ã –≤–Ω—É—Ç—Ä–∏ —ç—Ç–æ–π
             - —Ñ—É–Ω–∫—Ü–∏–∏ –Ω–µ–æ–±—Ö–æ–¥–∏–º–æ –ø–æ–≤—Ç–æ—Ä–Ω–æ –æ—Ç–ª–∞–¥–∏—Ç—å
  74          void sys_delay_about_us(u8 us)
  75          {
  76   1        u8 i,j;
  77   1        for(i=0;i<us;i++)
  78   1            for(j=0;j<5;j++);    
  79   1      }
  80          
  81          
  82          // —Ç–æ—á–Ω–∞—è –∑–∞–¥–µ—Ä–∂–∫–∞ –≤ –º—Å –∏—Å–ø–æ–ª—å–∑—É—â–∞—è —Ç–∞–π–º–µ—Ä 2
  83          void sys_delay_ms(u16 ms)
  84          {
  85   1        delay_tick = ms;
  86   1        while(delay_tick);
  87   1      }
  88          
  89          
  90          // –ß—Ç–µ–Ω–∏–µ –¥–∞–Ω–Ω—ã—Ö –ø–µ—Ä–µ–º–µ–Ω–Ω–æ–π VP –≤ DGUS
  91          // addr: –∞–¥—Ä–µ—Å, –Ω–∞–ø—Ä—è–º—É—é –ø–µ—Ä–µ–¥–∞–Ω–Ω—ã–π –≤ DGUS
  92          // buf: –±—É—Ñ–µ—Ä
  93          // len: –∫–æ–ª–∏—á–µ—Å—Ç–≤–æ –ø—Ä–æ—á–∏—Ç–∞–Ω–Ω—ã—Ö —Å–ª–æ–≤, –æ–¥–Ω–æ —Å–ª–æ–≤–æ —Ä–∞–≤–Ω–æ 2 –±–∞–π—Ç–∞–
             -º
  94          void sys_read_vp(u16 addr, u8* buf, u16 len)
  95          {   
  96   1        u8 i; 
  97   1        
  98   1        i = (u8)(addr&0x01);
  99   1        addr >>= 1;
 100   1        ADR_H = 0x00;
 101   1        ADR_M = (u8)(addr>>8);
 102   1        ADR_L = (u8)addr;
 103   1        ADR_INC = 0x01;
 104   1        RAMMODE = 0xAF;
 105   1        while(APP_ACK==0);
 106   1        while(len>0)
 107   1        {   
 108   2          APP_EN=1;
 109   2          while(APP_EN==1);
 110   2          if((i==0)&&(len>0))   
C51 COMPILER V9.53.0.0   SYS                                                               12/26/2024 17:13:57 PAGE 3   

 111   2          {   
 112   3            *buf++ = DATA3;
 113   3            *buf++ = DATA2;                      
 114   3            i = 1;
 115   3            len--;  
 116   3          }
 117   2          if((i==1)&&(len>0))   
 118   2          {   
 119   3            *buf++ = DATA1;
 120   3            *buf++ = DATA0;                      
 121   3            i = 0;
 122   3            len--;  
 123   3          }
 124   2        }
 125   1        RAMMODE = 0x00;
 126   1      }
 127          
 128          // –ó–∞–ø–∏—Å—å –¥–∞–Ω–Ω—ã—Ö –ø–µ—Ä–µ–º–µ–Ω–Ω–æ–π VP –≤ DGUS
 129          // addr: –∞–¥—Ä–µ—Å, –Ω–∞–ø—Ä—è–º—É—é –ø–µ—Ä–µ–¥–∞–Ω–Ω—ã–π –≤ DGUS
 130          // buf: –±—É—Ñ–µ—Ä
 131          // len: –∫–æ–ª–∏—á–µ—Å—Ç–≤–æ —Å–ª–æ–≤ –¥–∞–Ω–Ω—ã—Ö –¥–ª—è –æ—Ç–ø—Ä–∞–≤–∫–∏, –æ–¥–Ω–æ —Å–ª–æ–≤–æ —Ä–∞–≤–Ω–æ
             - 2 –±–∞–π—Ç–∞–º
 132          void sys_write_vp(u16 addr, u8* buf, u16 len)
 133          {   
 134   1        u8 i;  
 135   1        
 136   1        i = (u8)(addr&0x01);
 137   1        addr >>= 1;
 138   1        ADR_H = 0x00;
 139   1        ADR_M = (u8)(addr>>8);
 140   1        ADR_L = (u8)addr;    
 141   1        ADR_INC = 0x01;
 142   1        RAMMODE = 0x8F;
 143   1        while(APP_ACK==0);
 144   1        if(i && len>0)
 145   1        { 
 146   2          RAMMODE = 0x83; 
 147   2          DATA1 = *buf++;   
 148   2          DATA0 = *buf++; 
 149   2          APP_EN = 1;   
 150   2          len--;
 151   2        }
 152   1        RAMMODE = 0x8F;
 153   1        while(len>=2)
 154   1        { 
 155   2          DATA3 = *buf++;   
 156   2          DATA2 = *buf++;
 157   2          DATA1 = *buf++;   
 158   2          DATA0 = *buf++;
 159   2          APP_EN = 1;   
 160   2          len -= 2;
 161   2        }
 162   1        if(len)
 163   1        { 
 164   2          RAMMODE = 0x8C;
 165   2          DATA3 = *buf++;   
 166   2          DATA2 = *buf++;
 167   2          APP_EN = 1;
 168   2        }
 169   1        RAMMODE = 0x00;
 170   1      } 
 171          
C51 COMPILER V9.53.0.0   SYS                                                               12/26/2024 17:13:57 PAGE 4   

 172          
 173          // –ü—Ä–æ—Ü–µ–¥—É—Ä–∞ –æ–±—Å–ª—É–∂–∏–≤–∞–Ω–∏—è –ø—Ä–µ—Ä—ã–≤–∞–Ω–∏—è —Ç–∞–π–º–µ—Ä–∞ 2
 174          void sys_timer2_isr() interrupt 5
 175          {
 176   1        TF2=0; // –û—á–∏—Å—Ç–∏—Ç—å –±–∏—Ç —Ñ–ª–∞–≥–∞ –ø—Ä–µ—Ä—ã–≤–∞–Ω–∏—è –¢–∞–π–º–µ—Ä–∞ 2
 177   1        if(sys_tick<0xFFFFFFFF){
 178   2        sys_tick++;}
 179   1        if(sys_tick==0xFFFFFFFF){sys_tick=0;}
 180   1        // –æ–±—Ä–∞–±–æ—Ç–∫–∞ —Ç–æ—á–Ω–æ–π –∑–∞–¥–µ—Ä–∂–∫–∏
 181   1        if(delay_tick)
 182   1          delay_tick--;
 183   1      }
 184          
 185          
 186          


MODULE INFORMATION:   STATIC OVERLAYABLE
   CODE SIZE        =    901    ----
   CONSTANT SIZE    =   ----    ----
   XDATA SIZE       =      4      27
   PDATA SIZE       =   ----    ----
   DATA SIZE        =   ----    ----
   IDATA SIZE       =      2    ----
   BIT SIZE         =   ----    ----
   EDATA SIZE       =   ----    ----
   HDATA SIZE       =   ----    ----
   XDATA CONST SIZE =   ----    ----
   FAR CONST SIZE   =   ----    ----
END OF MODULE INFORMATION.


C51 COMPILATION COMPLETE.  0 WARNING(S),  0 ERROR(S)
