Add Net: Net with name "NetC?_1" already exists
Add Net: Net with name "NetC?_1" already exists
Add Net: Net with name "NetC?_1" already exists
Add Net: Net with name "NetC?_2" already exists
Add Net: Net with name "NetC?_2" already exists
Add Net: Net with name "NetC?_2" already exists
Add Net: Net with name "NetC?_2" already exists
Add Net: Net with name "NetC?_2" already exists
Add Net: Net with name "NetC?_2" already exists
Add Net: Net with name "NetC?_2" already exists
Add Net: Net with name "NetC?_2" already exists
Add Net: Net with name "NetC?_2" already exists
Added Member To Class: ClassName=DC-DC_PWM_IV_Controller Member=Component C? 0.1uF
Added Member To Class: ClassName=DC-DC_PWM_IV_Controller Member=Component C? 0.1uF
Added Member To Class: ClassName=DC-DC_PWM_IV_Controller Member=Component C? 0.1uF
Added Member To Class: ClassName=DC-DC_PWM_IV_Controller Member=Component C? 1000pF
Added Member To Class: ClassName=DC-DC_PWM_IV_Controller Member=Component C? 1000pF
Added Member To Class: ClassName=DC-DC_PWM_IV_Controller Member=Component C? 0.1uF
Added Member To Class: ClassName=DC-DC_PWM_IV_Controller Member=Component C? 0.1uF
Added Member To Class: ClassName=DC-DC_PWM_IV_Controller Member=Component C? 0.1uF
Added Member To Class: ClassName=DC-DC_PWM_IV_Controller Member=Component C? 0.1uF
Added Member To Class: ClassName=DC-DC_PWM_IV_Controller Member=Component C? 0.1uF
Added Member To Class: ClassName=DC-DC_PWM_IV_Controller Member=Component C? 0.1uF
Added Member To Class: ClassName=DC-DC_PWM_IV_Controller Member=Component C? 1000pF
Added Member To Class: ClassName=DC-DC_PWM_IV_Controller Member=Component C? 0.1uF
Added Member To Class: ClassName=DC-DC_PWM_IV_Controller Member=Component R? 10K
Added Member To Class: ClassName=DC-DC_PWM_IV_Controller Member=Component R? 100K*
Added Member To Class: ClassName=DC-DC_PWM_IV_Controller Member=Component R? 10K
Added Member To Class: ClassName=DC-DC_PWM_IV_Controller Member=Component R? 100K*
Added Member To Class: ClassName=DC-DC_PWM_IV_Controller Member=Component R? 10K
Added Member To Class: ClassName=DC-DC_PWM_IV_Controller Member=Component R? 10K
Added Member To Class: ClassName=DC-DC_PWM_IV_Controller Member=Component R? 10K
Added Member To Class: ClassName=DC-DC_PWM_IV_Controller Member=Component R? 10K
Added Member To Class: ClassName=DC-DC_PWM_IV_Controller Member=Component R? 10K
Added Member To Class: ClassName=DC-DC_PWM_IV_Controller Member=Component R? 10K
Added Member To Class: ClassName=DC-DC_PWM_IV_Controller Member=Component R? 10K
Added Member To Class: ClassName=DC-DC_PWM_IV_Controller Member=Component R? 10K
Added Member To Class: ClassName=DC-DC_PWM_IV_Controller Member=Component R? 10K
Added Member To Class: ClassName=DC-DC_PWM_IV_Controller Member=Component R? 10K
Added Member To Class: ClassName=DC-DC_PWM_IV_Controller Member=Component U?
